<?xml version="1.0" encoding="UTF-8"?>
<!-- Generated by org.testng.reporters.JUnitReportReporter -->
<testsuite hostname="DESKTOP-4O56CQM" failures="0" tests="1" name="pkg.MAvenGitSampleProject" time="7.487" errors="0" timestamp="2020-11-05T13:57:15 IST" skipped="0">
  <testcase classname="pkg.MAvenGitSampleProject" name="doLogin" time="7.487"/>
  <system-out/>
</testsuite> <!-- pkg.MAvenGitSampleProject -->
